#-----------------------------------------------------------
# Vivado v2018.2 (64-bit)
# SW Build 2258646 on Thu Jun 14 20:03:12 MDT 2018
# IP Build 2256618 on Thu Jun 14 22:10:49 MDT 2018
# Start of session at: Tue Nov  7 16:06:24 2023
# Process ID: 25948
# Current directory: C:/Users/david/AppData/Roaming/Xilinx/Vivado
# Command line: vivado.exe -gui_launcher_event rodinguilauncherevent33248
# Log file: C:/Users/david/AppData/Roaming/Xilinx/Vivado/vivado.log
# Journal file: C:/Users/david/AppData/Roaming/Xilinx/Vivado\vivado.jou
#-----------------------------------------------------------
start_gui
open_project C:/Users/david/Documents/EE2026_programs/MODS9.xpr/MODS/MODS.xpr
Scanning sources...
Finished scanning sources
INFO: [IP_Flow 19-234] Refreshing IP repositories
INFO: [IP_Flow 19-1704] No user IP repositories specified
INFO: [IP_Flow 19-2313] Loaded Vivado IP repository 'C:/Programs/Vivado/2018.2/data/ip'.
update_compile_order -fileset sources_1
export_ip_user_files -of_objects  [get_files C:/Users/david/AppData/Roaming/Xilinx/Vivado/Downloads/vis_engine_inte.xpr/MODS/MODS.srcs/sources_1/imports/Desktop/00.coe] -no_script -reset -force -quiet
remove_files  C:/Users/david/AppData/Roaming/Xilinx/Vivado/Downloads/vis_engine_inte.xpr/MODS/MODS.srcs/sources_1/imports/Desktop/00.coe
export_ip_user_files -of_objects  [get_files C:/Users/david/AppData/Roaming/Xilinx/Vivado/Downloads/vis_engine_inte.xpr/MODS/MODS.srcs/sources_1/imports/Desktop/weights.coe] -no_script -reset -force -quiet
remove_files  C:/Users/david/AppData/Roaming/Xilinx/Vivado/Downloads/vis_engine_inte.xpr/MODS/MODS.srcs/sources_1/imports/Desktop/weights.coe
reset_run synth_1
launch_runs impl_1 -to_step write_bitstream -jobs 8
[Tue Nov  7 16:08:31 2023] Launched synth_1...
Run output will be captured here: C:/Users/david/Documents/EE2026_programs/MODS9.xpr/MODS/MODS.runs/synth_1/runme.log
[Tue Nov  7 16:08:31 2023] Launched impl_1...
Run output will be captured here: C:/Users/david/Documents/EE2026_programs/MODS9.xpr/MODS/MODS.runs/impl_1/runme.log
reset_run synth_1
launch_runs impl_1 -to_step write_bitstream -jobs 8
[Tue Nov  7 16:09:58 2023] Launched synth_1...
Run output will be captured here: C:/Users/david/Documents/EE2026_programs/MODS9.xpr/MODS/MODS.runs/synth_1/runme.log
[Tue Nov  7 16:09:58 2023] Launched impl_1...
Run output will be captured here: C:/Users/david/Documents/EE2026_programs/MODS9.xpr/MODS/MODS.runs/impl_1/runme.log
archive_project {C:/Users/david/Documents/EE2026_programs/MODS9.xpr/MODS Final.xpr.zip} -temp_dir C:/Users/david/AppData/Roaming/Xilinx/Vivado/.Xil/Vivado-25948-David -force -include_local_ip_cache
INFO: [Coretcl 2-137] starting archive...
INFO: [Coretcl 2-1499] Saving project copy to temporary location 'C:/Users/david/AppData/Roaming/Xilinx/Vivado/.Xil/Vivado-25948-David' for archiving project
Scanning sources...
Finished scanning sources
INFO: [IP_Flow 19-234] Refreshing IP repositories
INFO: [IP_Flow 19-1704] No user IP repositories specified
INFO: [IP_Flow 19-2313] Loaded Vivado IP repository 'C:/Programs/Vivado/2018.2/data/ip'.
INFO: [Coretcl 2-1211] Creating project copy for archival...
INFO: [Coretcl 2-1213] Including run results for 'synth_1'
INFO: [Coretcl 2-1213] Including run results for 'blk_mem_gen_img_synth_1'
INFO: [Coretcl 2-1213] Including run results for 'blk_mem_gen_const_synth_1'
INFO: [Coretcl 2-1213] Including run results for 'impl_1'
INFO: [Coretcl 2-133] re-setting run 'blk_mem_gen_img_impl_1'...
INFO: [Coretcl 2-133] re-setting run 'blk_mem_gen_const_impl_1'...
WARNING: [Coretcl 2-52] File 'C:/Users/david/AppData/Roaming/Xilinx/Vivado/Downloads/vis_engine_inte.xpr/MODS/MODS.srcs/sources_1/imports/Desktop/00.coe' does not exist
WARNING: [Coretcl 2-52] File 'C:/Users/david/AppData/Roaming/Xilinx/Vivado/Downloads/vis_engine_inte.xpr/MODS/MODS.srcs/sources_1/imports/Desktop/weights.coe' does not exist
INFO: [Coretcl 2-1212] Importing remotely added design sources and verilog include files (if any)...
INFO: [filemgmt 20-334] All file(s) are already imported in fileset: 'blk_mem_gen_const'
INFO: [filemgmt 20-348] Importing the appropriate files for fileset: 'blk_mem_gen_const'
INFO: [filemgmt 20-334] All file(s) are already imported in fileset: 'blk_mem_gen_img'
INFO: [filemgmt 20-348] Importing the appropriate files for fileset: 'blk_mem_gen_img'
INFO: [filemgmt 20-334] All file(s) are already imported in fileset: 'constrs_1'
INFO: [filemgmt 20-348] Importing the appropriate files for fileset: 'constrs_1'
INFO: [filemgmt 20-334] All file(s) are already imported in fileset: 'sim_1'
INFO: [filemgmt 20-348] Importing the appropriate files for fileset: 'sim_1'
INFO: [filemgmt 20-348] Importing the appropriate files for fileset: 'sources_1'
WARNING: [filemgmt 20-342] File / dir doesn't exist, skipping: C:/Users/david/AppData/Roaming/Xilinx/Vivado/Downloads/vis_engine_inte.xpr/MODS/MODS.srcs/sources_1/imports/Desktop/00.coe
WARNING: [filemgmt 20-342] File / dir doesn't exist, skipping: C:/Users/david/AppData/Roaming/Xilinx/Vivado/Downloads/vis_engine_inte.xpr/MODS/MODS.srcs/sources_1/imports/Desktop/weights.coe
